[0m12:48:55.482208 [debug] [MainThread]: Sending event: {'category': 'dbt', 'action': 'invocation', 'label': 'start', 'context': [<snowplow_tracker.self_describing_json.SelfDescribingJson object at 0x1076e6e90>, <snowplow_tracker.self_describing_json.SelfDescribingJson object at 0x1073e6750>, <snowplow_tracker.self_describing_json.SelfDescribingJson object at 0x107762bd0>]}


============================== 12:48:55.485665 | 1b3cecf7-8e1f-48ea-acf7-587acee3a597 ==============================
[0m12:48:55.485665 [info ] [MainThread]: Running with dbt=1.9.2
[0m12:48:55.486022 [debug] [MainThread]: running dbt with arguments {'printer_width': '80', 'indirect_selection': 'eager', 'write_json': 'True', 'log_cache_events': 'False', 'partial_parse': 'True', 'cache_selected_only': 'False', 'profiles_dir': '/Users/juliusrechenbach/API ProHandelTest/dbt_prohandel', 'fail_fast': 'False', 'warn_error': 'None', 'log_path': '/Users/juliusrechenbach/API ProHandelTest/dbt_prohandel/logs', 'version_check': 'True', 'debug': 'False', 'use_colors': 'True', 'use_experimental_parser': 'False', 'empty': 'None', 'quiet': 'False', 'no_print': 'None', 'log_format': 'default', 'static_parser': 'True', 'invocation_command': 'dbt debug', 'introspect': 'True', 'target_path': 'None', 'warn_error_options': 'WarnErrorOptions(include=[], exclude=[])', 'send_anonymous_usage_stats': 'True'}
[0m12:48:55.496261 [info ] [MainThread]: dbt version: 1.9.2
[0m12:48:55.496543 [info ] [MainThread]: python version: 3.11.1
[0m12:48:55.496729 [info ] [MainThread]: python path: /Users/juliusrechenbach/API ProHandelTest/.venv/bin/python
[0m12:48:55.496889 [info ] [MainThread]: os info: macOS-15.3.1-arm64-arm-64bit
[0m12:48:55.499524 [info ] [MainThread]: Error importing adapter: No module named 'dbt.adapters.postgres'
[0m12:48:55.499825 [info ] [MainThread]: Using profiles dir at /Users/juliusrechenbach/API ProHandelTest/dbt_prohandel
[0m12:48:55.499977 [info ] [MainThread]: Using profiles.yml file at /Users/juliusrechenbach/API ProHandelTest/dbt_prohandel/profiles.yml
[0m12:48:55.500123 [info ] [MainThread]: Using dbt_project.yml file at /Users/juliusrechenbach/API ProHandelTest/dbt_prohandel/dbt_project.yml
[0m12:48:55.555416 [info ] [MainThread]: Configuration:
[0m12:48:55.555718 [info ] [MainThread]:   profiles.yml file [[31mERROR invalid[0m]
[0m12:48:55.555881 [info ] [MainThread]:   dbt_project.yml file [[32mOK found and valid[0m]
[0m12:48:55.556026 [info ] [MainThread]: Required dependencies:
[0m12:48:55.556432 [debug] [MainThread]: Executing "git --help"
[0m12:48:55.572300 [debug] [MainThread]: STDOUT: "b"usage: git [-v | --version] [-h | --help] [-C <path>] [-c <name>=<value>]\n           [--exec-path[=<path>]] [--html-path] [--man-path] [--info-path]\n           [-p | --paginate | -P | --no-pager] [--no-replace-objects] [--no-lazy-fetch]\n           [--no-optional-locks] [--no-advice] [--bare] [--git-dir=<path>]\n           [--work-tree=<path>] [--namespace=<name>] [--config-env=<name>=<envvar>]\n           <command> [<args>]\n\nThese are common Git commands used in various situations:\n\nstart a working area (see also: git help tutorial)\n   clone     Clone a repository into a new directory\n   init      Create an empty Git repository or reinitialize an existing one\n\nwork on the current change (see also: git help everyday)\n   add       Add file contents to the index\n   mv        Move or rename a file, a directory, or a symlink\n   restore   Restore working tree files\n   rm        Remove files from the working tree and from the index\n\nexamine the history and state (see also: git help revisions)\n   bisect    Use binary search to find the commit that introduced a bug\n   diff      Show changes between commits, commit and working tree, etc\n   grep      Print lines matching a pattern\n   log       Show commit logs\n   show      Show various types of objects\n   status    Show the working tree status\n\ngrow, mark and tweak your common history\n   branch    List, create, or delete branches\n   commit    Record changes to the repository\n   merge     Join two or more development histories together\n   rebase    Reapply commits on top of another base tip\n   reset     Reset current HEAD to the specified state\n   switch    Switch branches\n   tag       Create, list, delete or verify a tag object signed with GPG\n\ncollaborate (see also: git help workflows)\n   fetch     Download objects and refs from another repository\n   pull      Fetch from and integrate with another repository or a local branch\n   push      Update remote refs along with associated objects\n\n'git help -a' and 'git help -g' list available subcommands and some\nconcept guides. See 'git help <command>' or 'git help <concept>'\nto read about a specific subcommand or concept.\nSee 'git help git' for an overview of the system.\n""
[0m12:48:55.573163 [debug] [MainThread]: STDERR: "b''"
[0m12:48:55.573395 [info ] [MainThread]:  - git [[32mOK found[0m]

[0m12:48:55.573628 [info ] [MainThread]: Connection test skipped since no profile was found
[0m12:48:55.574035 [info ] [MainThread]: [31m1 check failed:[0m
[0m12:48:55.574204 [info ] [MainThread]: Profile loading failed for the following reason:
Runtime Error
  Credentials in profile "prohandel", target "dev" invalid: Runtime Error
    Could not find adapter type postgres!


[0m12:48:55.576096 [debug] [MainThread]: Resource report: {"command_name": "debug", "command_success": false, "command_wall_clock_time": 0.14006437, "process_in_blocks": "0", "process_kernel_time": 0.212145, "process_mem_max_rss": "109199360", "process_out_blocks": "0", "process_user_time": 0.76944}
[0m12:48:55.576446 [debug] [MainThread]: Command `dbt debug` failed at 12:48:55.576391 after 0.14 seconds
[0m12:48:55.576773 [debug] [MainThread]: Sending event: {'category': 'dbt', 'action': 'invocation', 'label': 'end', 'context': [<snowplow_tracker.self_describing_json.SelfDescribingJson object at 0x10076a350>, <snowplow_tracker.self_describing_json.SelfDescribingJson object at 0x1077623d0>, <snowplow_tracker.self_describing_json.SelfDescribingJson object at 0x107762410>]}
[0m12:48:55.577031 [debug] [MainThread]: Flushing usage events
[0m12:48:56.156927 [debug] [MainThread]: An error was encountered while trying to flush usage events
[0m12:50:54.181929 [debug] [MainThread]: Sending event: {'category': 'dbt', 'action': 'invocation', 'label': 'start', 'context': [<snowplow_tracker.self_describing_json.SelfDescribingJson object at 0x107ae5790>, <snowplow_tracker.self_describing_json.SelfDescribingJson object at 0x107b48890>, <snowplow_tracker.self_describing_json.SelfDescribingJson object at 0x107b3f1d0>]}


============================== 12:50:54.185671 | f8c2c151-119e-4e49-90d8-ff6a031dbbb0 ==============================
[0m12:50:54.185671 [info ] [MainThread]: Running with dbt=1.9.2
[0m12:50:54.186075 [debug] [MainThread]: running dbt with arguments {'printer_width': '80', 'indirect_selection': 'eager', 'log_cache_events': 'False', 'write_json': 'True', 'partial_parse': 'True', 'cache_selected_only': 'False', 'profiles_dir': '.', 'version_check': 'True', 'debug': 'False', 'log_path': '/Users/juliusrechenbach/API ProHandelTest/dbt_prohandel/logs', 'fail_fast': 'False', 'warn_error': 'None', 'use_colors': 'True', 'use_experimental_parser': 'False', 'empty': 'None', 'quiet': 'False', 'no_print': 'None', 'log_format': 'default', 'introspect': 'True', 'invocation_command': 'dbt debug --profiles-dir . --profile mercurios --target dev', 'static_parser': 'True', 'target_path': 'None', 'warn_error_options': 'WarnErrorOptions(include=[], exclude=[])', 'send_anonymous_usage_stats': 'True'}
[0m12:50:54.199038 [info ] [MainThread]: dbt version: 1.9.2
[0m12:50:54.199364 [info ] [MainThread]: python version: 3.11.1
[0m12:50:54.199552 [info ] [MainThread]: python path: /Users/juliusrechenbach/API ProHandelTest/.venv/bin/python
[0m12:50:54.199712 [info ] [MainThread]: os info: macOS-15.3.1-arm64-arm-64bit
[0m12:50:54.201703 [info ] [MainThread]: Using profiles dir at .
[0m12:50:54.202045 [info ] [MainThread]: Using profiles.yml file at ./profiles.yml
[0m12:50:54.202258 [info ] [MainThread]: Using dbt_project.yml file at /Users/juliusrechenbach/API ProHandelTest/dbt_prohandel/dbt_project.yml
[0m12:50:54.268135 [info ] [MainThread]: Configuration:
[0m12:50:54.268665 [info ] [MainThread]:   profiles.yml file [[31mERROR invalid[0m]
[0m12:50:54.269069 [info ] [MainThread]:   dbt_project.yml file [[32mOK found and valid[0m]
[0m12:50:54.269363 [info ] [MainThread]: Required dependencies:
[0m12:50:54.269648 [debug] [MainThread]: Executing "git --help"
[0m12:50:54.286656 [debug] [MainThread]: STDOUT: "b"usage: git [-v | --version] [-h | --help] [-C <path>] [-c <name>=<value>]\n           [--exec-path[=<path>]] [--html-path] [--man-path] [--info-path]\n           [-p | --paginate | -P | --no-pager] [--no-replace-objects] [--no-lazy-fetch]\n           [--no-optional-locks] [--no-advice] [--bare] [--git-dir=<path>]\n           [--work-tree=<path>] [--namespace=<name>] [--config-env=<name>=<envvar>]\n           <command> [<args>]\n\nThese are common Git commands used in various situations:\n\nstart a working area (see also: git help tutorial)\n   clone     Clone a repository into a new directory\n   init      Create an empty Git repository or reinitialize an existing one\n\nwork on the current change (see also: git help everyday)\n   add       Add file contents to the index\n   mv        Move or rename a file, a directory, or a symlink\n   restore   Restore working tree files\n   rm        Remove files from the working tree and from the index\n\nexamine the history and state (see also: git help revisions)\n   bisect    Use binary search to find the commit that introduced a bug\n   diff      Show changes between commits, commit and working tree, etc\n   grep      Print lines matching a pattern\n   log       Show commit logs\n   show      Show various types of objects\n   status    Show the working tree status\n\ngrow, mark and tweak your common history\n   branch    List, create, or delete branches\n   commit    Record changes to the repository\n   merge     Join two or more development histories together\n   rebase    Reapply commits on top of another base tip\n   reset     Reset current HEAD to the specified state\n   switch    Switch branches\n   tag       Create, list, delete or verify a tag object signed with GPG\n\ncollaborate (see also: git help workflows)\n   fetch     Download objects and refs from another repository\n   pull      Fetch from and integrate with another repository or a local branch\n   push      Update remote refs along with associated objects\n\n'git help -a' and 'git help -g' list available subcommands and some\nconcept guides. See 'git help <command>' or 'git help <concept>'\nto read about a specific subcommand or concept.\nSee 'git help git' for an overview of the system.\n""
[0m12:50:54.287338 [debug] [MainThread]: STDERR: "b''"
[0m12:50:54.287556 [info ] [MainThread]:  - git [[32mOK found[0m]

[0m12:50:54.287829 [info ] [MainThread]: Connection test skipped since no profile was found
[0m12:50:54.288050 [info ] [MainThread]: [31m1 check failed:[0m
[0m12:50:54.288203 [info ] [MainThread]: Profile loading failed for the following reason:
Runtime Error
  Could not find profile named 'mercurios'


[0m12:50:54.289966 [debug] [MainThread]: Resource report: {"command_name": "debug", "command_success": false, "command_wall_clock_time": 0.15835379, "process_in_blocks": "0", "process_kernel_time": 0.245838, "process_mem_max_rss": "109215744", "process_out_blocks": "0", "process_user_time": 0.856178}
[0m12:50:54.290371 [debug] [MainThread]: Command `dbt debug` failed at 12:50:54.290306 after 0.16 seconds
[0m12:50:54.290708 [debug] [MainThread]: Sending event: {'category': 'dbt', 'action': 'invocation', 'label': 'end', 'context': [<snowplow_tracker.self_describing_json.SelfDescribingJson object at 0x107800f50>, <snowplow_tracker.self_describing_json.SelfDescribingJson object at 0x100faa290>, <snowplow_tracker.self_describing_json.SelfDescribingJson object at 0x1075e5910>]}
[0m12:50:54.290987 [debug] [MainThread]: Flushing usage events
[0m12:50:54.869186 [debug] [MainThread]: An error was encountered while trying to flush usage events
