2025-03-03 07:27:43.880 | INFO     | data_quality.base_monitor:__init__:33 - Initialized Completeness Monitor data quality monitor
2025-03-03 07:27:43.881 | WARNING  | data_quality.base_monitor:add_alert:126 - Data quality alert: unit_price_completeness = 0.9436893203883495 < 0.95
2025-03-03 07:27:43.881 | INFO     | data_quality.base_monitor:__init__:33 - Initialized Outlier Monitor data quality monitor
2025-03-03 07:27:44.101 | INFO     | data_quality.base_monitor:__init__:33 - Initialized Consistency Monitor data quality monitor
2025-03-03 07:27:44.102 | WARNING  | data_quality.base_monitor:add_alert:126 - Data quality alert: duplicate_ratio = 0.05825242718446602 > 0.01
2025-03-03 07:27:44.103 | WARNING  | data_quality.base_monitor:add_alert:126 - Data quality alert: product_id_supplier_id_inconsistent_ratio = 1.0 > 0.0
2025-03-03 07:27:44.104 | WARNING  | data_quality.base_monitor:add_alert:126 - Data quality alert: delivery_after_order_violation_ratio = 0.027184466019417475 > 0.0
2025-03-03 07:27:44.104 | INFO     | data_quality.base_monitor:__init__:33 - Initialized Completeness Monitor data quality monitor
2025-03-03 07:27:44.104 | INFO     | data_quality.manager:add_monitor:88 - Added Completeness Monitor to data quality manager
2025-03-03 07:27:44.104 | INFO     | data_quality.base_monitor:__init__:33 - Initialized Outlier Monitor data quality monitor
2025-03-03 07:27:44.104 | INFO     | data_quality.manager:add_monitor:88 - Added Outlier Monitor to data quality manager
2025-03-03 07:27:44.104 | INFO     | data_quality.base_monitor:__init__:33 - Initialized Consistency Monitor data quality monitor
2025-03-03 07:27:44.104 | INFO     | data_quality.manager:add_monitor:88 - Added Consistency Monitor to data quality manager
2025-03-03 07:27:44.104 | INFO     | data_quality.manager:__init__:45 - Initialized data quality manager with 3 monitors
2025-03-03 07:27:44.104 | INFO     | data_quality.manager:run_monitors:123 - Running Completeness Monitor
2025-03-03 07:27:44.104 | WARNING  | data_quality.base_monitor:add_alert:126 - Data quality alert: unit_price_completeness = 0.9436893203883495 < 0.95
2025-03-03 07:27:44.104 | INFO     | data_quality.manager:run_monitors:140 - Completeness Monitor completed with 1 alerts
2025-03-03 07:27:44.104 | INFO     | data_quality.manager:run_monitors:123 - Running Outlier Monitor
2025-03-03 07:27:44.106 | INFO     | data_quality.manager:run_monitors:140 - Outlier Monitor completed with 0 alerts
2025-03-03 07:27:44.106 | INFO     | data_quality.manager:run_monitors:123 - Running Consistency Monitor
2025-03-03 07:27:44.106 | WARNING  | data_quality.base_monitor:add_alert:126 - Data quality alert: duplicate_ratio = 0.05825242718446602 > 0.01
2025-03-03 07:27:44.107 | WARNING  | data_quality.base_monitor:add_alert:126 - Data quality alert: product_id_supplier_id_inconsistent_ratio = 1.0 > 0.0
2025-03-03 07:27:44.107 | WARNING  | data_quality.base_monitor:add_alert:126 - Data quality alert: delivery_after_order_violation_ratio = 0.027184466019417475 > 0.0
2025-03-03 07:27:44.107 | INFO     | data_quality.manager:run_monitors:140 - Consistency Monitor completed with 3 alerts
2025-03-03 07:27:44.108 | INFO     | data_quality.manager:save_results:210 - Saved data quality results to data_quality_reports/data_quality_report_20250303_072744.json
2025-03-03 07:27:44.108 | INFO     | data_quality.base_monitor:__init__:33 - Initialized Completeness Monitor data quality monitor
2025-03-03 07:27:44.108 | INFO     | data_quality.manager:add_monitor:88 - Added Completeness Monitor to data quality manager
2025-03-03 07:27:44.108 | INFO     | data_quality.base_monitor:__init__:33 - Initialized Outlier Monitor data quality monitor
2025-03-03 07:27:44.108 | INFO     | data_quality.manager:add_monitor:88 - Added Outlier Monitor to data quality manager
2025-03-03 07:27:44.108 | INFO     | data_quality.base_monitor:__init__:33 - Initialized Consistency Monitor data quality monitor
2025-03-03 07:27:44.108 | INFO     | data_quality.manager:add_monitor:88 - Added Consistency Monitor to data quality manager
2025-03-03 07:27:44.108 | INFO     | data_quality.manager:__init__:45 - Initialized data quality manager with 3 monitors
2025-03-03 07:27:44.108 | INFO     | data_quality.manager:run_monitors:123 - Running Completeness Monitor
2025-03-03 07:27:44.108 | INFO     | data_quality.manager:run_monitors:140 - Completeness Monitor completed with 0 alerts
2025-03-03 07:27:44.109 | INFO     | data_quality.manager:run_monitors:123 - Running Outlier Monitor
2025-03-03 07:27:44.110 | INFO     | data_quality.manager:run_monitors:140 - Outlier Monitor completed with 0 alerts
2025-03-03 07:27:44.110 | INFO     | data_quality.manager:run_monitors:123 - Running Consistency Monitor
2025-03-03 07:27:44.111 | WARNING  | data_quality.base_monitor:add_alert:126 - Data quality alert: product_id_supplier_id_inconsistent_ratio = 1.0 > 0.0
2025-03-03 07:27:44.111 | INFO     | data_quality.manager:run_monitors:140 - Consistency Monitor completed with 1 alerts
2025-03-03 07:27:44.111 | INFO     | data_quality.manager:save_results:210 - Saved data quality results to data_quality_reports/data_quality_report_20250303_072744.json
