2025-03-03 07:32:44.503 | INFO     | data_quality.base_monitor:__init__:33 - Initialized Completeness Monitor data quality monitor
2025-03-03 07:32:44.504 | INFO     | data_quality.manager:add_monitor:88 - Added Completeness Monitor to data quality manager
2025-03-03 07:32:44.504 | INFO     | data_quality.base_monitor:__init__:33 - Initialized Outlier Monitor data quality monitor
2025-03-03 07:32:44.504 | INFO     | data_quality.manager:add_monitor:88 - Added Outlier Monitor to data quality manager
2025-03-03 07:32:44.504 | INFO     | data_quality.base_monitor:__init__:33 - Initialized Consistency Monitor data quality monitor
2025-03-03 07:32:44.504 | INFO     | data_quality.manager:add_monitor:88 - Added Consistency Monitor to data quality manager
2025-03-03 07:32:44.504 | INFO     | data_quality.manager:__init__:45 - Initialized data quality manager with 3 monitors
2025-03-03 07:32:44.504 | INFO     | data_quality.manager:run_monitors:123 - Running Completeness Monitor
2025-03-03 07:32:44.504 | CRITICAL | data_quality.base_monitor:add_alert:122 - Data quality alert: unit_price_completeness = 0.85 < 0.95
2025-03-03 07:32:44.504 | ERROR    | data_quality.manager:run_monitors:142 - Error running Completeness Monitor: The truth value of a Index is ambiguous. Use a.empty, a.bool(), a.item(), a.any() or a.all().
2025-03-03 07:32:44.504 | INFO     | data_quality.manager:run_monitors:123 - Running Outlier Monitor
2025-03-03 07:32:44.505 | INFO     | data_quality.manager:run_monitors:140 - Outlier Monitor completed with 0 alerts
2025-03-03 07:32:44.505 | INFO     | data_quality.manager:run_monitors:123 - Running Consistency Monitor
2025-03-03 07:32:44.505 | ERROR    | data_quality.manager:run_monitors:142 - Error running Consistency Monitor: Index(['quantity', 'sale_date', 'customer_id'], dtype='object')
2025-03-03 07:32:44.506 | INFO     | data_quality.manager:save_results:210 - Saved data quality results to data_quality_reports/data_quality_articles_20250303_073244.json
2025-03-03 07:32:44.506 | INFO     | data_quality.manager:run_monitors:123 - Running Completeness Monitor
2025-03-03 07:32:44.506 | ERROR    | data_quality.manager:run_monitors:142 - Error running Completeness Monitor: The truth value of a Index is ambiguous. Use a.empty, a.bool(), a.item(), a.any() or a.all().
2025-03-03 07:32:44.506 | INFO     | data_quality.manager:run_monitors:123 - Running Outlier Monitor
2025-03-03 07:32:44.508 | INFO     | data_quality.manager:run_monitors:140 - Outlier Monitor completed with 0 alerts
2025-03-03 07:32:44.508 | INFO     | data_quality.manager:run_monitors:123 - Running Consistency Monitor
2025-03-03 07:32:44.508 | ERROR    | data_quality.base_monitor:add_alert:124 - Data quality alert: duplicate_ratio = 0.07766990291262135 > 0.01
2025-03-03 07:32:44.508 | INFO     | data_quality.manager:run_monitors:140 - Consistency Monitor completed with 1 alerts
2025-03-03 07:32:44.508 | INFO     | data_quality.manager:save_results:210 - Saved data quality results to data_quality_reports/data_quality_sales_20250303_073244.json
2025-03-03 07:32:44.509 | INFO     | data_quality.manager:run_monitors:123 - Running Completeness Monitor
2025-03-03 07:32:44.509 | ERROR    | data_quality.manager:run_monitors:142 - Error running Completeness Monitor: The truth value of a Index is ambiguous. Use a.empty, a.bool(), a.item(), a.any() or a.all().
2025-03-03 07:32:44.509 | INFO     | data_quality.manager:run_monitors:123 - Running Outlier Monitor
2025-03-03 07:32:44.510 | INFO     | data_quality.manager:run_monitors:140 - Outlier Monitor completed with 0 alerts
2025-03-03 07:32:44.510 | INFO     | data_quality.manager:run_monitors:123 - Running Consistency Monitor
2025-03-03 07:32:44.510 | ERROR    | data_quality.manager:run_monitors:142 - Error running Consistency Monitor: Index(['article_id', 'customer_id'], dtype='object')
2025-03-03 07:32:44.510 | INFO     | data_quality.manager:save_results:210 - Saved data quality results to data_quality_reports/data_quality_daily_sales_20250303_073244.json
2025-03-03 07:32:44.510 | INFO     | data_quality.manager:run_monitors:123 - Running Completeness Monitor
2025-03-03 07:32:44.510 | ERROR    | data_quality.manager:run_monitors:142 - Error running Completeness Monitor: The truth value of a Index is ambiguous. Use a.empty, a.bool(), a.item(), a.any() or a.all().
2025-03-03 07:32:44.510 | INFO     | data_quality.manager:run_monitors:123 - Running Outlier Monitor
2025-03-03 07:32:44.511 | INFO     | data_quality.manager:run_monitors:140 - Outlier Monitor completed with 0 alerts
2025-03-03 07:32:44.511 | INFO     | data_quality.manager:run_monitors:123 - Running Consistency Monitor
2025-03-03 07:32:44.511 | ERROR    | data_quality.manager:run_monitors:142 - Error running Consistency Monitor: Index(['quantity', 'sale_date', 'customer_id'], dtype='object')
2025-03-03 07:32:44.512 | INFO     | data_quality.manager:save_results:210 - Saved data quality results to data_quality_reports/data_quality_inventory_20250303_073244.json
