2025-03-03 08:05:22.759 | INFO     | data_quality.base_monitor:__init__:33 - Initialized Completeness Monitor data quality monitor
2025-03-03 08:05:22.759 | INFO     | data_quality.base_monitor:__init__:33 - Initialized Outlier Monitor data quality monitor
2025-03-03 08:05:22.759 | INFO     | data_quality.base_monitor:__init__:33 - Initialized Consistency Monitor data quality monitor
2025-03-03 08:05:22.759 | INFO     | data_quality.base_monitor:__init__:33 - Initialized Format Monitor data quality monitor
2025-03-03 08:05:22.759 | INFO     | data_quality.base_monitor:__init__:33 - Initialized Freshness Monitor data quality monitor
2025-03-03 08:05:22.759 | INFO     | data_quality.manager:__init__:56 - Initialized data quality manager with 5 monitors
2025-03-03 08:05:22.794 | INFO     | data_quality.manager:run_monitors:168 - Applied outlier_biased sampling: 200 rows from 1000 (20.00%)
2025-03-03 08:05:22.794 | INFO     | data_quality.manager:run_monitors:179 - Running completeness
2025-03-03 08:05:22.795 | ERROR    | data_quality.manager:run_monitors:201 - Error running completeness: The truth value of a Index is ambiguous. Use a.empty, a.bool(), a.item(), a.any() or a.all().
2025-03-03 08:05:22.795 | INFO     | data_quality.manager:run_monitors:179 - Running outlier
2025-03-03 08:05:22.796 | INFO     | data_quality.manager:run_monitors:198 - outlier completed with 0 alerts
2025-03-03 08:05:22.797 | INFO     | data_quality.manager:run_monitors:179 - Running consistency
2025-03-03 08:05:22.797 | INFO     | data_quality.manager:run_monitors:198 - consistency completed with 0 alerts
2025-03-03 08:05:22.797 | INFO     | data_quality.manager:run_monitors:179 - Running format
2025-03-03 08:05:22.798 | INFO     | data_quality.manager:run_monitors:196 - format completed with 0 alerts
2025-03-03 08:05:22.798 | INFO     | data_quality.manager:run_monitors:179 - Running freshness
2025-03-03 08:05:22.800 | INFO     | data_quality.manager:run_monitors:196 - freshness completed with 1 alerts
2025-03-03 08:05:22.802 | INFO     | data_quality.manager:run_monitors:168 - Applied outlier_biased sampling: 200 rows from 1000 (20.00%)
2025-03-03 08:05:22.802 | INFO     | data_quality.manager:run_monitors:179 - Running completeness
2025-03-03 08:05:22.802 | ERROR    | data_quality.manager:run_monitors:201 - Error running completeness: The truth value of a Index is ambiguous. Use a.empty, a.bool(), a.item(), a.any() or a.all().
2025-03-03 08:05:22.802 | INFO     | data_quality.manager:run_monitors:179 - Running outlier
2025-03-03 08:05:22.802 | INFO     | data_quality.manager:run_monitors:198 - outlier completed with 0 alerts
2025-03-03 08:05:22.802 | INFO     | data_quality.manager:run_monitors:179 - Running consistency
2025-03-03 08:05:22.802 | INFO     | data_quality.manager:run_monitors:198 - consistency completed with 0 alerts
2025-03-03 08:05:22.802 | INFO     | data_quality.manager:run_monitors:179 - Running format
2025-03-03 08:05:22.803 | INFO     | data_quality.manager:run_monitors:196 - format completed with 0 alerts
2025-03-03 08:05:22.803 | INFO     | data_quality.manager:run_monitors:179 - Running freshness
2025-03-03 08:05:22.804 | INFO     | data_quality.manager:run_monitors:196 - freshness completed with 1 alerts
